<?xml version="1.0" encoding="UTF-8"?>
<testng-results ignored="10" total="16" passed="4" failed="2" skipped="0">
  <reporter-output>
  </reporter-output>
  <suite started-at="2023-01-07T21:44:20 IST" name="Suite" finished-at="2023-01-07T21:44:57 IST" duration-ms="36348">
    <groups>
      <group name="regression">
        <method signature="GroupTest.Title2()[pri:0, instance:FrameworkKeywords.GroupTest@1ed6388a]" name="Title2" class="FrameworkKeywords.GroupTest"/>
        <method signature="GroupTest.Title3()[pri:0, instance:FrameworkKeywords.GroupTest@1ed6388a]" name="Title3" class="FrameworkKeywords.GroupTest"/>
      </group> <!-- regression -->
      <group name="smoke">
        <method signature="GroupTest.Title2()[pri:0, instance:FrameworkKeywords.GroupTest@1ed6388a]" name="Title2" class="FrameworkKeywords.GroupTest"/>
        <method signature="GroupTest.Title3()[pri:0, instance:FrameworkKeywords.GroupTest@1ed6388a]" name="Title3" class="FrameworkKeywords.GroupTest"/>
      </group> <!-- smoke -->
      <group name="sanity">
        <method signature="GroupTest.Title1()[pri:0, instance:FrameworkKeywords.GroupTest@1ed6388a]" name="Title1" class="FrameworkKeywords.GroupTest"/>
        <method signature="GroupTest.Title4()[pri:0, instance:FrameworkKeywords.GroupTest@1ed6388a]" name="Title4" class="FrameworkKeywords.GroupTest"/>
      </group> <!-- sanity -->
    </groups>
    <test started-at="2023-01-07T21:44:20 IST" name="Test" finished-at="2023-01-07T21:44:57 IST" duration-ms="36348">
      <class name="FrameworkKeywords.CaptureScreenShot">
        <test-method is-config="true" signature="setup()[pri:0, instance:FrameworkKeywords.CaptureScreenShot@593aaf41]" started-at="2023-01-07T21:44:20 IST" name="setup" finished-at="2023-01-07T21:44:26 IST" duration-ms="5963" status="PASS">
          <reporter-output>
          </reporter-output>
        </test-method> <!-- setup -->
        <test-method signature="verifyTitle()[pri:0, instance:FrameworkKeywords.CaptureScreenShot@593aaf41]" started-at="2023-01-07T21:44:26 IST" name="verifyTitle" finished-at="2023-01-07T21:44:28 IST" duration-ms="2056" status="FAIL">
          <exception class="java.lang.AssertionError">
            <message>
              <![CDATA[expected [Swag1 Labs] but found [Swag Labs]]]>
            </message>
            <full-stacktrace>
              <![CDATA[java.lang.AssertionError: expected [Swag1 Labs] but found [Swag Labs]
at org.testng.Assert.fail(Assert.java:99)
at org.testng.Assert.failNotEquals(Assert.java:1037)
at org.testng.Assert.assertEqualsImpl(Assert.java:140)
at org.testng.Assert.assertEquals(Assert.java:122)
at org.testng.Assert.assertEquals(Assert.java:629)
at org.testng.Assert.assertEquals(Assert.java:639)
at FrameworkKeywords.CaptureScreenShot.verifyTitle(CaptureScreenShot.java:27)
at java.base/jdk.internal.reflect.NativeMethodAccessorImpl.invoke0(Native Method)
at java.base/jdk.internal.reflect.NativeMethodAccessorImpl.invoke(NativeMethodAccessorImpl.java:62)
at java.base/jdk.internal.reflect.DelegatingMethodAccessorImpl.invoke(DelegatingMethodAccessorImpl.java:43)
at java.base/java.lang.reflect.Method.invoke(Method.java:566)
at org.testng.internal.MethodInvocationHelper.invokeMethod(MethodInvocationHelper.java:133)
at org.testng.internal.TestInvoker.invokeMethod(TestInvoker.java:598)
at org.testng.internal.TestInvoker.invokeTestMethod(TestInvoker.java:173)
at org.testng.internal.MethodRunner.runInSequence(MethodRunner.java:46)
at org.testng.internal.TestInvoker$MethodInvocationAgent.invoke(TestInvoker.java:824)
at org.testng.internal.TestInvoker.invokeTestMethods(TestInvoker.java:146)
at org.testng.internal.TestMethodWorker.invokeTestMethods(TestMethodWorker.java:146)
at org.testng.internal.TestMethodWorker.run(TestMethodWorker.java:128)
at java.base/java.util.ArrayList.forEach(ArrayList.java:1541)
at org.testng.TestRunner.privateRun(TestRunner.java:794)
at org.testng.TestRunner.run(TestRunner.java:596)
at org.testng.SuiteRunner.runTest(SuiteRunner.java:377)
at org.testng.SuiteRunner.runSequentially(SuiteRunner.java:371)
at org.testng.SuiteRunner.privateRun(SuiteRunner.java:332)
at org.testng.SuiteRunner.run(SuiteRunner.java:276)
at org.testng.SuiteRunnerWorker.runSuite(SuiteRunnerWorker.java:53)
at org.testng.SuiteRunnerWorker.run(SuiteRunnerWorker.java:96)
at org.testng.TestNG.runSuitesSequentially(TestNG.java:1212)
at org.testng.TestNG.runSuitesLocally(TestNG.java:1134)
at org.testng.TestNG.runSuites(TestNG.java:1063)
at org.testng.TestNG.run(TestNG.java:1031)
at org.testng.remote.AbstractRemoteTestNG.run(AbstractRemoteTestNG.java:115)
at org.testng.remote.RemoteTestNG.initAndRun(RemoteTestNG.java:251)
at org.testng.remote.RemoteTestNG.main(RemoteTestNG.java:77)
]]>
            </full-stacktrace>
          </exception> <!-- java.lang.AssertionError -->
          <reporter-output>
          </reporter-output>
        </test-method> <!-- verifyTitle -->
        <test-method is-config="true" signature="closeBrowser(org.testng.ITestResult)[pri:0, instance:FrameworkKeywords.CaptureScreenShot@593aaf41]" started-at="2023-01-07T21:44:28 IST" name="closeBrowser" finished-at="2023-01-07T21:44:29 IST" duration-ms="566" status="PASS">
          <params>
            <param index="0">
              <value>
                <![CDATA[[TestResult name=verifyTitle status=FAILURE method=CaptureScreenShot.verifyTitle()[pri:0, instance:FrameworkKeywords.CaptureScreenShot@593aaf41] output={null}]]]>
              </value>
            </param>
          </params>
          <reporter-output>
          </reporter-output>
        </test-method> <!-- closeBrowser -->
      </class> <!-- FrameworkKeywords.CaptureScreenShot -->
      <class name="FrameworkKeywords.DependsOnMethod">
        <test-method is-config="true" signature="setup()[pri:0, instance:FrameworkKeywords.DependsOnMethod@7db12bb6]" started-at="2023-01-07T21:44:29 IST" name="setup" finished-at="2023-01-07T21:44:32 IST" duration-ms="3254" status="PASS">
          <reporter-output>
          </reporter-output>
        </test-method> <!-- setup -->
        <test-method signature="verifyTitle()[pri:0, instance:FrameworkKeywords.DependsOnMethod@7db12bb6]" started-at="2023-01-07T21:44:32 IST" name="verifyTitle" finished-at="2023-01-07T21:44:34 IST" duration-ms="2078" status="FAIL">
          <exception class="java.lang.AssertionError">
            <message>
              <![CDATA[expected [Swag 1Labs] but found [Swag Labs]]]>
            </message>
            <full-stacktrace>
              <![CDATA[java.lang.AssertionError: expected [Swag 1Labs] but found [Swag Labs]
at org.testng.Assert.fail(Assert.java:99)
at org.testng.Assert.failNotEquals(Assert.java:1037)
at org.testng.Assert.assertEqualsImpl(Assert.java:140)
at org.testng.Assert.assertEquals(Assert.java:122)
at org.testng.Assert.assertEquals(Assert.java:629)
at org.testng.Assert.assertEquals(Assert.java:639)
at FrameworkKeywords.DependsOnMethod.verifyTitle(DependsOnMethod.java:27)
at java.base/jdk.internal.reflect.NativeMethodAccessorImpl.invoke0(Native Method)
at java.base/jdk.internal.reflect.NativeMethodAccessorImpl.invoke(NativeMethodAccessorImpl.java:62)
at java.base/jdk.internal.reflect.DelegatingMethodAccessorImpl.invoke(DelegatingMethodAccessorImpl.java:43)
at java.base/java.lang.reflect.Method.invoke(Method.java:566)
at org.testng.internal.MethodInvocationHelper.invokeMethod(MethodInvocationHelper.java:133)
at org.testng.internal.TestInvoker.invokeMethod(TestInvoker.java:598)
at org.testng.internal.TestInvoker.invokeTestMethod(TestInvoker.java:173)
at org.testng.internal.MethodRunner.runInSequence(MethodRunner.java:46)
at org.testng.internal.TestInvoker$MethodInvocationAgent.invoke(TestInvoker.java:824)
at org.testng.internal.TestInvoker.invokeTestMethods(TestInvoker.java:146)
at org.testng.internal.TestMethodWorker.invokeTestMethods(TestMethodWorker.java:146)
at org.testng.internal.TestMethodWorker.run(TestMethodWorker.java:128)
at java.base/java.util.ArrayList.forEach(ArrayList.java:1541)
at org.testng.TestRunner.privateRun(TestRunner.java:794)
at org.testng.TestRunner.run(TestRunner.java:596)
at org.testng.SuiteRunner.runTest(SuiteRunner.java:377)
at org.testng.SuiteRunner.runSequentially(SuiteRunner.java:371)
at org.testng.SuiteRunner.privateRun(SuiteRunner.java:332)
at org.testng.SuiteRunner.run(SuiteRunner.java:276)
at org.testng.SuiteRunnerWorker.runSuite(SuiteRunnerWorker.java:53)
at org.testng.SuiteRunnerWorker.run(SuiteRunnerWorker.java:96)
at org.testng.TestNG.runSuitesSequentially(TestNG.java:1212)
at org.testng.TestNG.runSuitesLocally(TestNG.java:1134)
at org.testng.TestNG.runSuites(TestNG.java:1063)
at org.testng.TestNG.run(TestNG.java:1031)
at org.testng.remote.AbstractRemoteTestNG.run(AbstractRemoteTestNG.java:115)
at org.testng.remote.RemoteTestNG.initAndRun(RemoteTestNG.java:251)
at org.testng.remote.RemoteTestNG.main(RemoteTestNG.java:77)
]]>
            </full-stacktrace>
          </exception> <!-- java.lang.AssertionError -->
          <reporter-output>
          </reporter-output>
        </test-method> <!-- verifyTitle -->
        <test-method is-config="true" signature="closeBrowser()[pri:0, instance:FrameworkKeywords.DependsOnMethod@7db12bb6]" started-at="2023-01-07T21:44:34 IST" name="closeBrowser" finished-at="2023-01-07T21:44:34 IST" duration-ms="237" status="PASS">
          <reporter-output>
          </reporter-output>
        </test-method> <!-- closeBrowser -->
      </class> <!-- FrameworkKeywords.DependsOnMethod -->
      <class name="FrameworkKeywords.GroupTest">
        <test-method is-config="true" signature="setup()[pri:0, instance:FrameworkKeywords.GroupTest@1ed6388a]" started-at="2023-01-07T21:44:34 IST" name="setup" finished-at="2023-01-07T21:44:38 IST" duration-ms="3136" status="PASS">
          <reporter-output>
          </reporter-output>
        </test-method> <!-- setup -->
        <test-method signature="Title1()[pri:0, instance:FrameworkKeywords.GroupTest@1ed6388a]" started-at="2023-01-07T21:44:38 IST" name="Title1" finished-at="2023-01-07T21:44:40 IST" duration-ms="2035" status="PASS">
          <reporter-output>
          </reporter-output>
        </test-method> <!-- Title1 -->
        <test-method is-config="true" signature="closeBrowser()[pri:0, instance:FrameworkKeywords.GroupTest@1ed6388a]" started-at="2023-01-07T21:44:40 IST" name="closeBrowser" finished-at="2023-01-07T21:44:40 IST" duration-ms="334" status="PASS">
          <reporter-output>
          </reporter-output>
        </test-method> <!-- closeBrowser -->
        <test-method is-config="true" signature="setup()[pri:0, instance:FrameworkKeywords.GroupTest@1ed6388a]" started-at="2023-01-07T21:44:40 IST" name="setup" finished-at="2023-01-07T21:44:43 IST" duration-ms="3251" status="PASS">
          <reporter-output>
          </reporter-output>
        </test-method> <!-- setup -->
        <test-method signature="Title2()[pri:0, instance:FrameworkKeywords.GroupTest@1ed6388a]" started-at="2023-01-07T21:44:43 IST" name="Title2" finished-at="2023-01-07T21:44:45 IST" duration-ms="2065" status="PASS">
          <reporter-output>
          </reporter-output>
        </test-method> <!-- Title2 -->
        <test-method is-config="true" signature="closeBrowser()[pri:0, instance:FrameworkKeywords.GroupTest@1ed6388a]" started-at="2023-01-07T21:44:45 IST" name="closeBrowser" finished-at="2023-01-07T21:44:45 IST" duration-ms="215" status="PASS">
          <reporter-output>
          </reporter-output>
        </test-method> <!-- closeBrowser -->
        <test-method is-config="true" signature="setup()[pri:0, instance:FrameworkKeywords.GroupTest@1ed6388a]" started-at="2023-01-07T21:44:45 IST" name="setup" finished-at="2023-01-07T21:44:49 IST" duration-ms="3131" status="PASS">
          <reporter-output>
          </reporter-output>
        </test-method> <!-- setup -->
        <test-method signature="Title3()[pri:0, instance:FrameworkKeywords.GroupTest@1ed6388a]" started-at="2023-01-07T21:44:49 IST" name="Title3" finished-at="2023-01-07T21:44:51 IST" duration-ms="2023" status="PASS">
          <reporter-output>
          </reporter-output>
        </test-method> <!-- Title3 -->
        <test-method is-config="true" signature="closeBrowser()[pri:0, instance:FrameworkKeywords.GroupTest@1ed6388a]" started-at="2023-01-07T21:44:51 IST" name="closeBrowser" finished-at="2023-01-07T21:44:51 IST" duration-ms="236" status="PASS">
          <reporter-output>
          </reporter-output>
        </test-method> <!-- closeBrowser -->
        <test-method is-config="true" signature="setup()[pri:0, instance:FrameworkKeywords.GroupTest@1ed6388a]" started-at="2023-01-07T21:44:51 IST" name="setup" finished-at="2023-01-07T21:44:54 IST" duration-ms="3268" status="PASS">
          <reporter-output>
          </reporter-output>
        </test-method> <!-- setup -->
        <test-method signature="Title4()[pri:0, instance:FrameworkKeywords.GroupTest@1ed6388a]" started-at="2023-01-07T21:44:54 IST" name="Title4" finished-at="2023-01-07T21:44:56 IST" duration-ms="2017" status="PASS">
          <reporter-output>
          </reporter-output>
        </test-method> <!-- Title4 -->
        <test-method is-config="true" signature="closeBrowser()[pri:0, instance:FrameworkKeywords.GroupTest@1ed6388a]" started-at="2023-01-07T21:44:56 IST" name="closeBrowser" finished-at="2023-01-07T21:44:57 IST" duration-ms="375" status="PASS">
          <reporter-output>
          </reporter-output>
        </test-method> <!-- closeBrowser -->
      </class> <!-- FrameworkKeywords.GroupTest -->
    </test> <!-- Test -->
  </suite> <!-- Suite -->
</testng-results>
